<?xml version="1.0" encoding="UTF-8"?>
<testng-results ignored="0" total="5" passed="5" failed="0" skipped="0">
  <reporter-output>
  </reporter-output>
  <suite started-at="2021-02-23T10:40:12 IST" name="Verify Practo " finished-at="2021-02-23T10:41:05 IST" duration-ms="53458">
    <groups>
    </groups>
    <test started-at="2021-02-23T10:40:12 IST" name="Test1" finished-at="2021-02-23T10:41:05 IST" duration-ms="53458">
      <class name="project_file.Corporate_Wellness">
        <test-method is-config="true" signature="getDriver()[pri:0, instance:project_file.Corporate_Wellness@71a8adcf]" started-at="2021-02-23T10:39:55 IST" name="getDriver" finished-at="2021-02-23T10:40:12 IST" duration-ms="16813" status="PASS">
          <reporter-output>
          </reporter-output>
        </test-method> <!-- getDriver -->
        <test-method is-config="true" signature="extentReportSetup()[pri:0, instance:project_file.Corporate_Wellness@71a8adcf]" started-at="2021-02-23T10:40:12 IST" name="extentReportSetup" finished-at="2021-02-23T10:40:13 IST" duration-ms="1054" status="PASS">
          <reporter-output>
          </reporter-output>
        </test-method> <!-- extentReportSetup -->
        <test-method signature="openURL()[pri:0, instance:project_file.Corporate_Wellness@71a8adcf]" started-at="2021-02-23T10:40:13 IST" name="openURL" finished-at="2021-02-23T10:40:19 IST" duration-ms="6199" status="PASS">
          <reporter-output>
          </reporter-output>
        </test-method> <!-- openURL -->
        <test-method is-config="true" signature="extentReportsDemo(org.testng.ITestResult)[pri:0, instance:project_file.Corporate_Wellness@71a8adcf]" started-at="2021-02-23T10:40:19 IST" name="extentReportsDemo" finished-at="2021-02-23T10:40:19 IST" duration-ms="2" status="PASS">
          <params>
            <param index="0">
              <value>
                <![CDATA[[TestResult name=openURL status=SUCCESS method=DriverSetup.openURL()[pri:0, instance:project_file.Corporate_Wellness@71a8adcf] output={null}]]]>
              </value>
            </param>
          </params>
          <reporter-output>
          </reporter-output>
        </test-method> <!-- extentReportsDemo -->
        <test-method signature="hospital()[pri:1, instance:project_file.Corporate_Wellness@71a8adcf]" started-at="2021-02-23T10:40:19 IST" name="hospital" finished-at="2021-02-23T10:40:46 IST" duration-ms="26427" status="PASS">
          <reporter-output>
          </reporter-output>
        </test-method> <!-- hospital -->
        <test-method is-config="true" signature="extentReportsDemo(org.testng.ITestResult)[pri:0, instance:project_file.Corporate_Wellness@71a8adcf]" started-at="2021-02-23T10:40:46 IST" name="extentReportsDemo" finished-at="2021-02-23T10:40:46 IST" duration-ms="0" status="PASS">
          <params>
            <param index="0">
              <value>
                <![CDATA[[TestResult name=hospital status=SUCCESS method=Hospital_Name.hospital()[pri:1, instance:project_file.Corporate_Wellness@71a8adcf] output={null}]]]>
              </value>
            </param>
          </params>
          <reporter-output>
          </reporter-output>
        </test-method> <!-- extentReportsDemo -->
        <test-method signature="cities()[pri:2, instance:project_file.Corporate_Wellness@71a8adcf]" started-at="2021-02-23T10:40:46 IST" name="cities" finished-at="2021-02-23T10:40:58 IST" duration-ms="11835" status="PASS">
          <reporter-output>
          </reporter-output>
        </test-method> <!-- cities -->
        <test-method is-config="true" signature="extentReportsDemo(org.testng.ITestResult)[pri:0, instance:project_file.Corporate_Wellness@71a8adcf]" started-at="2021-02-23T10:40:58 IST" name="extentReportsDemo" finished-at="2021-02-23T10:40:58 IST" duration-ms="0" status="PASS">
          <params>
            <param index="0">
              <value>
                <![CDATA[[TestResult name=cities status=SUCCESS method=Diagonistic.cities()[pri:2, instance:project_file.Corporate_Wellness@71a8adcf] output={null}]]]>
              </value>
            </param>
          </params>
          <reporter-output>
          </reporter-output>
        </test-method> <!-- extentReportsDemo -->
        <test-method signature="visitCorporateWellnessPage()[pri:3, instance:project_file.Corporate_Wellness@71a8adcf]" started-at="2021-02-23T10:40:58 IST" name="visitCorporateWellnessPage" finished-at="2021-02-23T10:40:58 IST" duration-ms="913" status="PASS">
          <reporter-output>
          </reporter-output>
        </test-method> <!-- visitCorporateWellnessPage -->
        <test-method is-config="true" signature="extentReportsDemo(org.testng.ITestResult)[pri:0, instance:project_file.Corporate_Wellness@71a8adcf]" started-at="2021-02-23T10:40:58 IST" name="extentReportsDemo" finished-at="2021-02-23T10:40:58 IST" duration-ms="1" status="PASS">
          <params>
            <param index="0">
              <value>
                <![CDATA[[TestResult name=visitCorporateWellnessPage status=SUCCESS method=Landing_Page.visitCorporateWellnessPage()[pri:3, instance:project_file.Corporate_Wellness@71a8adcf] output={null}]]]>
              </value>
            </param>
          </params>
          <reporter-output>
          </reporter-output>
        </test-method> <!-- extentReportsDemo -->
        <test-method signature="sendData()[pri:4, instance:project_file.Corporate_Wellness@71a8adcf]" started-at="2021-02-23T10:40:58 IST" name="sendData" finished-at="2021-02-23T10:41:05 IST" duration-ms="6321" status="PASS">
          <reporter-output>
          </reporter-output>
        </test-method> <!-- sendData -->
        <test-method is-config="true" signature="extentReportsDemo(org.testng.ITestResult)[pri:0, instance:project_file.Corporate_Wellness@71a8adcf]" started-at="2021-02-23T10:41:05 IST" name="extentReportsDemo" finished-at="2021-02-23T10:41:05 IST" duration-ms="1" status="PASS">
          <params>
            <param index="0">
              <value>
                <![CDATA[[TestResult name=sendData status=SUCCESS method=Corporate_Wellness.sendData()[pri:4, instance:project_file.Corporate_Wellness@71a8adcf] output={null}]]]>
              </value>
            </param>
          </params>
          <reporter-output>
          </reporter-output>
        </test-method> <!-- extentReportsDemo -->
        <test-method is-config="true" signature="endReport()[pri:0, instance:project_file.Corporate_Wellness@71a8adcf]" started-at="2021-02-23T10:41:05 IST" name="endReport" finished-at="2021-02-23T10:41:05 IST" duration-ms="618" status="PASS">
          <reporter-output>
          </reporter-output>
        </test-method> <!-- endReport -->
        <test-method is-config="true" signature="closeBrowser()[pri:0, instance:project_file.Corporate_Wellness@71a8adcf]" started-at="2021-02-23T10:41:06 IST" name="closeBrowser" finished-at="2021-02-23T10:41:06 IST" duration-ms="890" status="PASS">
          <reporter-output>
          </reporter-output>
        </test-method> <!-- closeBrowser -->
      </class> <!-- project_file.Corporate_Wellness -->
    </test> <!-- Test1 -->
  </suite> <!-- Verify Practo  -->
</testng-results>
